<?xml version="1.0" encoding="UTF-8"?>
<!-- Generated by org.testng.reporters.JUnitReportReporter -->
<testsuite hostname="DESKTOP-ANJ0NBQ" failures="0" tests="1" name="CucumberPractise.Practise.AppTest" time="0.019" errors="0" timestamp="2022-01-06T19:08:37 EST" skipped="0">
  <testcase classname="CucumberPractise.Practise.AppTest" name="shouldAnswerWithTrue" time="0.019"/>
  <system-out/>
</testsuite> <!-- CucumberPractise.Practise.AppTest -->
